::1 Fri, 04 Dec 2020 09:27:35 GMT GET /users/login 304 HTTP/1.1  - 12.046 ms ::1  Mozilla/5.0 (Macintosh; Intel Mac OS X 11_0_0) AppleWebKit/537.36 (KHTML, like Gecko) Chrome/86.0.4240.198 Safari/537.36
::1 Fri, 04 Dec 2020 09:28:16 GMT GET /users/login 304 HTTP/1.1  - 11.685 ms ::1  Mozilla/5.0 (Macintosh; Intel Mac OS X 11_0_0) AppleWebKit/537.36 (KHTML, like Gecko) Chrome/86.0.4240.198 Safari/537.36
::1 Fri, 04 Dec 2020 09:35:30 GMT GET /users/login 304 HTTP/1.1  - 5.322 ms ::1  Mozilla/5.0 (Macintosh; Intel Mac OS X 11_0_0) AppleWebKit/537.36 (KHTML, like Gecko) Chrome/86.0.4240.198 Safari/537.36
::1 Fri, 04 Dec 2020 09:39:58 GMT POST /users/login 302 HTTP/1.1 64 - 130.730 ms ::1  Mozilla/5.0 (Macintosh; Intel Mac OS X 11_0_0) AppleWebKit/537.36 (KHTML, like Gecko) Chrome/86.0.4240.198 Safari/537.36
::1 Fri, 04 Dec 2020 09:39:58 GMT GET /dashboard 200 HTTP/1.1 2389 - 7.821 ms ::1  Mozilla/5.0 (Macintosh; Intel Mac OS X 11_0_0) AppleWebKit/537.36 (KHTML, like Gecko) Chrome/86.0.4240.198 Safari/537.36
::1 Fri, 04 Dec 2020 09:40:49 GMT GET /dashboard 200 HTTP/1.1 3122 - 7.414 ms ::1  Mozilla/5.0 (Macintosh; Intel Mac OS X 11_0_0) AppleWebKit/537.36 (KHTML, like Gecko) Chrome/86.0.4240.198 Safari/537.36
::1 Fri, 04 Dec 2020 09:41:16 GMT GET /dashboard 200 HTTP/1.1 3131 - 7.119 ms ::1  Mozilla/5.0 (Macintosh; Intel Mac OS X 11_0_0) AppleWebKit/537.36 (KHTML, like Gecko) Chrome/86.0.4240.198 Safari/537.36
::1 Fri, 04 Dec 2020 09:45:55 GMT GET /dashboard 200 HTTP/1.1 3343 - 5.845 ms ::1  Mozilla/5.0 (Macintosh; Intel Mac OS X 11_0_0) AppleWebKit/537.36 (KHTML, like Gecko) Chrome/86.0.4240.198 Safari/537.36
::1 Fri, 04 Dec 2020 09:48:08 GMT GET /dashboard 302 HTTP/1.1 68 - 6.210 ms ::1  Mozilla/5.0 (Macintosh; Intel Mac OS X 11_0_0) AppleWebKit/537.36 (KHTML, like Gecko) Chrome/86.0.4240.198 Safari/537.36
::1 Fri, 04 Dec 2020 09:48:08 GMT GET /users/login 200 HTTP/1.1 2602 - 10.483 ms ::1  Mozilla/5.0 (Macintosh; Intel Mac OS X 11_0_0) AppleWebKit/537.36 (KHTML, like Gecko) Chrome/86.0.4240.198 Safari/537.36
::1 Fri, 04 Dec 2020 09:48:52 GMT GET /users/login 200 HTTP/1.1 2337 - 12.738 ms ::1  Mozilla/5.0 (Macintosh; Intel Mac OS X 11_0_0) AppleWebKit/537.36 (KHTML, like Gecko) Chrome/86.0.4240.198 Safari/537.36
::1 Fri, 04 Dec 2020 09:49:02 GMT POST /users/login 302 HTTP/1.1 64 - 131.314 ms ::1  Mozilla/5.0 (Macintosh; Intel Mac OS X 11_0_0) AppleWebKit/537.36 (KHTML, like Gecko) Chrome/86.0.4240.198 Safari/537.36
::1 Fri, 04 Dec 2020 09:49:02 GMT GET /dashboard 200 HTTP/1.1 3367 - 8.451 ms ::1  Mozilla/5.0 (Macintosh; Intel Mac OS X 11_0_0) AppleWebKit/537.36 (KHTML, like Gecko) Chrome/86.0.4240.198 Safari/537.36
::1 Fri, 04 Dec 2020 09:50:43 GMT GET /dashboard 302 HTTP/1.1 68 - 6.933ms ms ::1  Mozilla/5.0 (Macintosh; Intel Mac OS X 11_0_0) AppleWebKit/537.36 (KHTML, like Gecko) Chrome/86.0.4240.198 Safari/537.36
::1 Fri, 04 Dec 2020 09:50:43 GMT GET /users/login 200 HTTP/1.1 2602 - 10.610ms ms ::1  Mozilla/5.0 (Macintosh; Intel Mac OS X 11_0_0) AppleWebKit/537.36 (KHTML, like Gecko) Chrome/86.0.4240.198 Safari/537.36
::1 Fri, 04 Dec 2020 09:50:49 GMT POST /users/login 302 HTTP/1.1 64 - 130.958ms ms ::1  Mozilla/5.0 (Macintosh; Intel Mac OS X 11_0_0) AppleWebKit/537.36 (KHTML, like Gecko) Chrome/86.0.4240.198 Safari/537.36
::1 Fri, 04 Dec 2020 09:50:49 GMT GET /dashboard  HTTP/1.1  - undefinedms ms ::1  Mozilla/5.0 (Macintosh; Intel Mac OS X 11_0_0) AppleWebKit/537.36 (KHTML, like Gecko) Chrome/86.0.4240.198 Safari/537.36
::1 Fri, 04 Dec 2020 09:50:49 GMT GET /dashboard 200 HTTP/1.1 3367 - 13.509ms ms ::1  Mozilla/5.0 (Macintosh; Intel Mac OS X 11_0_0) AppleWebKit/537.36 (KHTML, like Gecko) Chrome/86.0.4240.198 Safari/537.36
::1 Fri, 04 Dec 2020 10:00:53 GMT GET /dashboard 302 HTTP/1.1 68 - 5.785ms ms ::1  Mozilla/5.0 (Macintosh; Intel Mac OS X 11_0_0) AppleWebKit/537.36 (KHTML, like Gecko) Chrome/86.0.4240.198 Safari/537.36
::1 Fri, 04 Dec 2020 10:00:53 GMT GET /users/login 200 HTTP/1.1 2602 - 13.140ms ms ::1  Mozilla/5.0 (Macintosh; Intel Mac OS X 11_0_0) AppleWebKit/537.36 (KHTML, like Gecko) Chrome/86.0.4240.198 Safari/537.36
::1 Fri, 04 Dec 2020 10:01:00 GMT POST /users/login 302 HTTP/1.1 68 - 128.565ms ms ::1  Mozilla/5.0 (Macintosh; Intel Mac OS X 11_0_0) AppleWebKit/537.36 (KHTML, like Gecko) Chrome/86.0.4240.198 Safari/537.36
::1 Fri, 04 Dec 2020 10:01:00 GMT GET /users/login 200 HTTP/1.1 2585 - 3.563ms ms ::1  Mozilla/5.0 (Macintosh; Intel Mac OS X 11_0_0) AppleWebKit/537.36 (KHTML, like Gecko) Chrome/86.0.4240.198 Safari/537.36
::1 Fri, 04 Dec 2020 10:01:06 GMT POST /users/login 302 HTTP/1.1 64 - 102.182ms ms ::1  Mozilla/5.0 (Macintosh; Intel Mac OS X 11_0_0) AppleWebKit/537.36 (KHTML, like Gecko) Chrome/86.0.4240.198 Safari/537.36
::1 Fri, 04 Dec 2020 10:01:06 GMT GET /dashboard 200 HTTP/1.1 3368 - 19.513ms ms ::1  Mozilla/5.0 (Macintosh; Intel Mac OS X 11_0_0) AppleWebKit/537.36 (KHTML, like Gecko) Chrome/86.0.4240.198 Safari/537.36
::1 Fri, 04 Dec 2020 10:05:38 GMT GET /dashboard 200 HTTP/1.1 12988 - 19.386ms ms ::1  Mozilla/5.0 (Macintosh; Intel Mac OS X 11_0_0) AppleWebKit/537.36 (KHTML, like Gecko) Chrome/86.0.4240.198 Safari/537.36
::1 Fri, 04 Dec 2020 10:09:01 GMT GET /dashboard 200 HTTP/1.1 11662 - 16.633ms ms ::1  Mozilla/5.0 (Macintosh; Intel Mac OS X 11_0_0) AppleWebKit/537.36 (KHTML, like Gecko) Chrome/86.0.4240.198 Safari/537.36
::1 Fri, 04 Dec 2020 10:11:26 GMT GET /dashboard 302 HTTP/1.1 68 - 5.451ms ms ::1  Mozilla/5.0 (Macintosh; Intel Mac OS X 11_0_0) AppleWebKit/537.36 (KHTML, like Gecko) Chrome/86.0.4240.198 Safari/537.36
::1 Fri, 04 Dec 2020 10:11:26 GMT GET /users/login 200 HTTP/1.1 2602 - 9.696ms ms ::1  Mozilla/5.0 (Macintosh; Intel Mac OS X 11_0_0) AppleWebKit/537.36 (KHTML, like Gecko) Chrome/86.0.4240.198 Safari/537.36
::1 Fri, 04 Dec 2020 10:11:29 GMT POST /users/login 302 HTTP/1.1 64 - 134.981ms ms ::1  Mozilla/5.0 (Macintosh; Intel Mac OS X 11_0_0) AppleWebKit/537.36 (KHTML, like Gecko) Chrome/86.0.4240.198 Safari/537.36
::1 Fri, 04 Dec 2020 10:11:29 GMT GET /dashboard 200 HTTP/1.1 14756 - 61.318ms ms ::1  Mozilla/5.0 (Macintosh; Intel Mac OS X 11_0_0) AppleWebKit/537.36 (KHTML, like Gecko) Chrome/86.0.4240.198 Safari/537.36
::1 Fri, 04 Dec 2020 10:12:08 GMT GET /dashboard 200 HTTP/1.1 15436 - 25.381ms ms ::1  Mozilla/5.0 (Macintosh; Intel Mac OS X 11_0_0) AppleWebKit/537.36 (KHTML, like Gecko) Chrome/86.0.4240.198 Safari/537.36
::1 Fri, 04 Dec 2020 10:12:15 GMT GET /dashboard 200 HTTP/1.1 16023 - 18.553ms ms ::1  Mozilla/5.0 (Macintosh; Intel Mac OS X 11_0_0) AppleWebKit/537.36 (KHTML, like Gecko) Chrome/86.0.4240.198 Safari/537.36
::1 Fri, 04 Dec 2020 10:14:13 GMT GET /dashboard 302 HTTP/1.1 68 - 5.844ms ms ::1  Mozilla/5.0 (Macintosh; Intel Mac OS X 11_0_0) AppleWebKit/537.36 (KHTML, like Gecko) Chrome/86.0.4240.198 Safari/537.36
::1 Fri, 04 Dec 2020 10:14:13 GMT GET /users/login 200 HTTP/1.1 2602 - 10.029ms ms ::1  Mozilla/5.0 (Macintosh; Intel Mac OS X 11_0_0) AppleWebKit/537.36 (KHTML, like Gecko) Chrome/86.0.4240.198 Safari/537.36
::1 Fri, 04 Dec 2020 10:14:18 GMT POST /users/login 302 HTTP/1.1 64 - 141.210ms ms ::1  Mozilla/5.0 (Macintosh; Intel Mac OS X 11_0_0) AppleWebKit/537.36 (KHTML, like Gecko) Chrome/86.0.4240.198 Safari/537.36
::1 Fri, 04 Dec 2020 10:14:18 GMT GET /dashboard 200 HTTP/1.1 17211 - 25.887ms ms ::1  Mozilla/5.0 (Macintosh; Intel Mac OS X 11_0_0) AppleWebKit/537.36 (KHTML, like Gecko) Chrome/86.0.4240.198 Safari/537.36
::1 Fri, 04 Dec 2020 10:15:27 GMT GET /dashboard 302 HTTP/1.1 68 - 5.549ms ms ::1  Mozilla/5.0 (Macintosh; Intel Mac OS X 11_0_0) AppleWebKit/537.36 (KHTML, like Gecko) Chrome/86.0.4240.198 Safari/537.36
::1 Fri, 04 Dec 2020 10:15:27 GMT GET /users/login 200 HTTP/1.1 2602 - 10.142ms ms ::1  Mozilla/5.0 (Macintosh; Intel Mac OS X 11_0_0) AppleWebKit/537.36 (KHTML, like Gecko) Chrome/86.0.4240.198 Safari/537.36
::1 Fri, 04 Dec 2020 10:15:30 GMT POST /users/login 302 HTTP/1.1 64 - 119.923ms ms ::1  Mozilla/5.0 (Macintosh; Intel Mac OS X 11_0_0) AppleWebKit/537.36 (KHTML, like Gecko) Chrome/86.0.4240.198 Safari/537.36
::1 Fri, 04 Dec 2020 10:15:30 GMT GET /dashboard  HTTP/1.1  - undefinedms ms ::1  Mozilla/5.0 (Macintosh; Intel Mac OS X 11_0_0) AppleWebKit/537.36 (KHTML, like Gecko) Chrome/86.0.4240.198 Safari/537.36
::1 Fri, 04 Dec 2020 10:15:30 GMT GET /dashboard 200 HTTP/1.1 18399 - 35.949ms ms ::1  Mozilla/5.0 (Macintosh; Intel Mac OS X 11_0_0) AppleWebKit/537.36 (KHTML, like Gecko) Chrome/86.0.4240.198 Safari/537.36
::1 Fri, 04 Dec 2020 10:16:07 GMT GET /dashboard 200 HTTP/1.1 17970 - 24.461ms ms ::1  Mozilla/5.0 (Macintosh; Intel Mac OS X 11_0_0) AppleWebKit/537.36 (KHTML, like Gecko) Chrome/86.0.4240.198 Safari/537.36
::1 Fri, 04 Dec 2020 10:18:04 GMT GET /dashboard 302 HTTP/1.1 68 - 5.765ms ms ::1  Mozilla/5.0 (Macintosh; Intel Mac OS X 11_0_0) AppleWebKit/537.36 (KHTML, like Gecko) Chrome/86.0.4240.198 Safari/537.36
::1 Fri, 04 Dec 2020 10:18:04 GMT GET /users/login 200 HTTP/1.1 2602 - 11.783ms ms ::1  Mozilla/5.0 (Macintosh; Intel Mac OS X 11_0_0) AppleWebKit/537.36 (KHTML, like Gecko) Chrome/86.0.4240.198 Safari/537.36
::1 Fri, 04 Dec 2020 10:18:08 GMT POST /users/login 302 HTTP/1.1 64 - 130.897ms ms ::1  Mozilla/5.0 (Macintosh; Intel Mac OS X 11_0_0) AppleWebKit/537.36 (KHTML, like Gecko) Chrome/86.0.4240.198 Safari/537.36
::1 Fri, 04 Dec 2020 10:18:08 GMT GET /dashboard  HTTP/1.1  - undefinedms ms ::1  Mozilla/5.0 (Macintosh; Intel Mac OS X 11_0_0) AppleWebKit/537.36 (KHTML, like Gecko) Chrome/86.0.4240.198 Safari/537.36
::1 Fri, 04 Dec 2020 10:18:08 GMT GET /dashboard 200 HTTP/1.1 19150 - 49.992ms ms ::1  Mozilla/5.0 (Macintosh; Intel Mac OS X 11_0_0) AppleWebKit/537.36 (KHTML, like Gecko) Chrome/86.0.4240.198 Safari/537.36
::1 Fri, 04 Dec 2020 10:18:30 GMT GET /dashboard 302 HTTP/1.1 68 - 6.005ms ms ::1  Mozilla/5.0 (Macintosh; Intel Mac OS X 11_0_0) AppleWebKit/537.36 (KHTML, like Gecko) Chrome/86.0.4240.198 Safari/537.36
::1 Fri, 04 Dec 2020 10:18:30 GMT GET /users/login 200 HTTP/1.1 2602 - 13.559ms ms ::1  Mozilla/5.0 (Macintosh; Intel Mac OS X 11_0_0) AppleWebKit/537.36 (KHTML, like Gecko) Chrome/86.0.4240.198 Safari/537.36
::1 Fri, 04 Dec 2020 10:18:33 GMT POST /users/login 302 HTTP/1.1 64 - 135.148ms ms ::1  Mozilla/5.0 (Macintosh; Intel Mac OS X 11_0_0) AppleWebKit/537.36 (KHTML, like Gecko) Chrome/86.0.4240.198 Safari/537.36
::1 Fri, 04 Dec 2020 10:18:33 GMT GET /dashboard 200 HTTP/1.1 20260 - 30.957ms ms ::1  Mozilla/5.0 (Macintosh; Intel Mac OS X 11_0_0) AppleWebKit/537.36 (KHTML, like Gecko) Chrome/86.0.4240.198 Safari/537.36
::1 Fri, 04 Dec 2020 10:19:57 GMT GET /dashboard 302 HTTP/1.1 68 - 5.544ms ms ::1  Mozilla/5.0 (Macintosh; Intel Mac OS X 11_0_0) AppleWebKit/537.36 (KHTML, like Gecko) Chrome/86.0.4240.198 Safari/537.36
::1 Fri, 04 Dec 2020 10:19:57 GMT GET /users/login 200 HTTP/1.1 2602 - 10.121ms ms ::1  Mozilla/5.0 (Macintosh; Intel Mac OS X 11_0_0) AppleWebKit/537.36 (KHTML, like Gecko) Chrome/86.0.4240.198 Safari/537.36
::1 Fri, 04 Dec 2020 10:20:00 GMT POST /users/login 302 HTTP/1.1 68 - 128.731ms ms ::1  Mozilla/5.0 (Macintosh; Intel Mac OS X 11_0_0) AppleWebKit/537.36 (KHTML, like Gecko) Chrome/86.0.4240.198 Safari/537.36
::1 Fri, 04 Dec 2020 10:20:00 GMT GET /users/login 200 HTTP/1.1 2585 - 2.206ms ms ::1  Mozilla/5.0 (Macintosh; Intel Mac OS X 11_0_0) AppleWebKit/537.36 (KHTML, like Gecko) Chrome/86.0.4240.198 Safari/537.36
::1 Fri, 04 Dec 2020 10:20:03 GMT POST /users/login 302 HTTP/1.1 64 - 103.116ms ms ::1  Mozilla/5.0 (Macintosh; Intel Mac OS X 11_0_0) AppleWebKit/537.36 (KHTML, like Gecko) Chrome/86.0.4240.198 Safari/537.36
::1 Fri, 04 Dec 2020 10:20:03 GMT GET /dashboard  HTTP/1.1  - undefinedms ms ::1  Mozilla/5.0 (Macintosh; Intel Mac OS X 11_0_0) AppleWebKit/537.36 (KHTML, like Gecko) Chrome/86.0.4240.198 Safari/537.36
::1 Fri, 04 Dec 2020 10:20:03 GMT GET /dashboard 200 HTTP/1.1 61493 - 104.996ms ms ::1  Mozilla/5.0 (Macintosh; Intel Mac OS X 11_0_0) AppleWebKit/537.36 (KHTML, like Gecko) Chrome/86.0.4240.198 Safari/537.36
::1 Sat, 05 Dec 2020 05:09:36 GMT GET /dashboard 200 HTTP/1.1 62640 - 225.775ms ms ::1  Mozilla/5.0 (Macintosh; Intel Mac OS X 11_0_0) AppleWebKit/537.36 (KHTML, like Gecko) Chrome/86.0.4240.198 Safari/537.36
::1 Sat, 05 Dec 2020 05:10:51 GMT GET /dashboard 200 HTTP/1.1 63769 - 40.168ms ms ::1  Mozilla/5.0 (Macintosh; Intel Mac OS X 11_0_0) AppleWebKit/537.36 (KHTML, like Gecko) Chrome/86.0.4240.198 Safari/537.36
::1 Sat, 05 Dec 2020 05:11:26 GMT GET /dashboard 200 HTTP/1.1 64935 - 36.694ms ms ::1  Mozilla/5.0 (Macintosh; Intel Mac OS X 11_0_0) AppleWebKit/537.36 (KHTML, like Gecko) Chrome/86.0.4240.198 Safari/537.36
::1 Sat, 05 Dec 2020 05:11:32 GMT GET /dashboard 200 HTTP/1.1 66080 - 31.984ms ms ::1  Mozilla/5.0 (Macintosh; Intel Mac OS X 11_0_0) AppleWebKit/537.36 (KHTML, like Gecko) Chrome/86.0.4240.198 Safari/537.36
::1 Sat, 05 Dec 2020 05:14:37 GMT GET /dashboard 200 HTTP/1.1 68107 - 35.538ms ms ::1  Mozilla/5.0 (Macintosh; Intel Mac OS X 11_0_0) AppleWebKit/537.36 (KHTML, like Gecko) Chrome/86.0.4240.198 Safari/537.36
::1 Sat, 05 Dec 2020 05:14:48 GMT GET /dashboard 200 HTTP/1.1 69268 - 37.045ms ms ::1  Mozilla/5.0 (Macintosh; Intel Mac OS X 11_0_0) AppleWebKit/537.36 (KHTML, like Gecko) Chrome/86.0.4240.198 Safari/537.36
::1 Sat, 05 Dec 2020 05:15:15 GMT GET /dashboard 200 HTTP/1.1 70426 - 45.111ms ms ::1  Mozilla/5.0 (Macintosh; Intel Mac OS X 11_0_0) AppleWebKit/537.36 (KHTML, like Gecko) Chrome/86.0.4240.198 Safari/537.36
::1 Sat, 05 Dec 2020 05:19:26 GMT GET /dashboard 200 HTTP/1.1 71587 - 35.027ms ms ::1  Mozilla/5.0 (Macintosh; Intel Mac OS X 11_0_0) AppleWebKit/537.36 (KHTML, like Gecko) Chrome/86.0.4240.198 Safari/537.36
::1 Sat, 05 Dec 2020 05:19:35 GMT GET /dashboard 302 HTTP/1.1 68 - 10.645ms ms ::1  Mozilla/5.0 (Macintosh; Intel Mac OS X 11_0_0) AppleWebKit/537.36 (KHTML, like Gecko) Chrome/86.0.4240.198 Safari/537.36
::1 Sat, 05 Dec 2020 05:19:35 GMT GET /users/login 200 HTTP/1.1 2605 - 12.121ms ms ::1  Mozilla/5.0 (Macintosh; Intel Mac OS X 11_0_0) AppleWebKit/537.36 (KHTML, like Gecko) Chrome/86.0.4240.198 Safari/537.36
::1 Sat, 05 Dec 2020 05:19:35 GMT GET /users/login 200 HTTP/1.1 2340 - 2.920ms ms ::1  Mozilla/5.0 (Macintosh; Intel Mac OS X 11_0_0) AppleWebKit/537.36 (KHTML, like Gecko) Chrome/86.0.4240.198 Safari/537.36
::1 Sat, 05 Dec 2020 05:19:40 GMT POST /users/login 302 HTTP/1.1 64 - 176.834ms ms ::1  Mozilla/5.0 (Macintosh; Intel Mac OS X 11_0_0) AppleWebKit/537.36 (KHTML, like Gecko) Chrome/86.0.4240.198 Safari/537.36
::1 Sat, 05 Dec 2020 05:19:40 GMT GET /dashboard  HTTP/1.1  - undefinedms ms ::1  Mozilla/5.0 (Macintosh; Intel Mac OS X 11_0_0) AppleWebKit/537.36 (KHTML, like Gecko) Chrome/86.0.4240.198 Safari/537.36
::1 Sat, 05 Dec 2020 05:19:40 GMT GET /dashboard 200 HTTP/1.1 76861 - 58.372ms ms ::1  Mozilla/5.0 (Macintosh; Intel Mac OS X 11_0_0) AppleWebKit/537.36 (KHTML, like Gecko) Chrome/86.0.4240.198 Safari/537.36
::1 Sat, 05 Dec 2020 05:24:29 GMT GET /dashboard 302 HTTP/1.1 68 - 7.341ms ms ::1  Mozilla/5.0 (Macintosh; Intel Mac OS X 11_0_0) AppleWebKit/537.36 (KHTML, like Gecko) Chrome/86.0.4240.198 Safari/537.36
::1 Sat, 05 Dec 2020 05:24:29 GMT GET /users/login 200 HTTP/1.1 2605 - 9.805ms ms ::1  Mozilla/5.0 (Macintosh; Intel Mac OS X 11_0_0) AppleWebKit/537.36 (KHTML, like Gecko) Chrome/86.0.4240.198 Safari/537.36
::1 Sat, 05 Dec 2020 05:24:35 GMT POST /users/login 302 HTTP/1.1 68 - 2.969ms ms ::1  Mozilla/5.0 (Macintosh; Intel Mac OS X 11_0_0) AppleWebKit/537.36 (KHTML, like Gecko) Chrome/86.0.4240.198 Safari/537.36
::1 Sat, 05 Dec 2020 05:24:35 GMT GET /users/login 200 HTTP/1.1 2589 - 3.603ms ms ::1  Mozilla/5.0 (Macintosh; Intel Mac OS X 11_0_0) AppleWebKit/537.36 (KHTML, like Gecko) Chrome/86.0.4240.198 Safari/537.36
::1 Sat, 05 Dec 2020 05:24:44 GMT POST /users/login 302 HTTP/1.1 68 - 455.105ms ms ::1  Mozilla/5.0 (Macintosh; Intel Mac OS X 11_0_0) AppleWebKit/537.36 (KHTML, like Gecko) Chrome/86.0.4240.198 Safari/537.36
::1 Sat, 05 Dec 2020 05:24:44 GMT GET /users/login 200 HTTP/1.1 2598 - 2.991ms ms ::1  Mozilla/5.0 (Macintosh; Intel Mac OS X 11_0_0) AppleWebKit/537.36 (KHTML, like Gecko) Chrome/86.0.4240.198 Safari/537.36
::1 Sat, 05 Dec 2020 05:25:45 GMT GET /users/register 200 HTTP/1.1 3004 - 8.373ms ms ::1  Mozilla/5.0 (Macintosh; Intel Mac OS X 11_0_0) AppleWebKit/537.36 (KHTML, like Gecko) Chrome/86.0.4240.198 Safari/537.36
::1 Sat, 05 Dec 2020 05:25:57 GMT POST /users/register 302 HTTP/1.1 68 - 1290.158ms ms ::1  Mozilla/5.0 (Macintosh; Intel Mac OS X 11_0_0) AppleWebKit/537.36 (KHTML, like Gecko) Chrome/86.0.4240.198 Safari/537.36
::1 Sat, 05 Dec 2020 05:25:57 GMT GET /users/login 200 HTTP/1.1 2608 - 1.773ms ms ::1  Mozilla/5.0 (Macintosh; Intel Mac OS X 11_0_0) AppleWebKit/537.36 (KHTML, like Gecko) Chrome/86.0.4240.198 Safari/537.36
::1 Sat, 05 Dec 2020 05:26:04 GMT POST /users/login 302 HTTP/1.1 64 - 168.822ms ms ::1  Mozilla/5.0 (Macintosh; Intel Mac OS X 11_0_0) AppleWebKit/537.36 (KHTML, like Gecko) Chrome/86.0.4240.198 Safari/537.36
::1 Sat, 05 Dec 2020 05:26:04 GMT GET /dashboard 200 HTTP/1.1 11122 - 394.766ms ms ::1  Mozilla/5.0 (Macintosh; Intel Mac OS X 11_0_0) AppleWebKit/537.36 (KHTML, like Gecko) Chrome/86.0.4240.198 Safari/537.36
::1 Sat, 05 Dec 2020 05:32:24 GMT GET /dashboard 200 HTTP/1.1 12287 - 428.980ms ms ::1  Mozilla/5.0 (Macintosh; Intel Mac OS X 11_0_0) AppleWebKit/537.36 (KHTML, like Gecko) Chrome/86.0.4240.198 Safari/537.36
::1 Sat, 05 Dec 2020 05:32:29 GMT GET /dashboard 200 HTTP/1.1 13452 - 355.171ms ms ::1  Mozilla/5.0 (Macintosh; Intel Mac OS X 11_0_0) AppleWebKit/537.36 (KHTML, like Gecko) Chrome/86.0.4240.198 Safari/537.36
::1 Sat, 05 Dec 2020 05:32:42 GMT GET /dashboard 200 HTTP/1.1 14617 - 341.005ms ms ::1  Mozilla/5.0 (Macintosh; Intel Mac OS X 11_0_0) AppleWebKit/537.36 (KHTML, like Gecko) Chrome/86.0.4240.198 Safari/537.36
::1 Sat, 05 Dec 2020 05:33:18 GMT GET /dashboard 302 HTTP/1.1 68 - 5.051ms ms ::1  Mozilla/5.0 (Macintosh; Intel Mac OS X 11_0_0) AppleWebKit/537.36 (KHTML, like Gecko) Chrome/86.0.4240.198 Safari/537.36
::1 Sat, 05 Dec 2020 05:33:18 GMT GET /users/login 200 HTTP/1.1 2605 - 11.348ms ms ::1  Mozilla/5.0 (Macintosh; Intel Mac OS X 11_0_0) AppleWebKit/537.36 (KHTML, like Gecko) Chrome/86.0.4240.198 Safari/537.36
::1 Sat, 05 Dec 2020 05:33:22 GMT POST /users/login 302 HTTP/1.1 68 - 163.810ms ms ::1  Mozilla/5.0 (Macintosh; Intel Mac OS X 11_0_0) AppleWebKit/537.36 (KHTML, like Gecko) Chrome/86.0.4240.198 Safari/537.36
::1 Sat, 05 Dec 2020 05:33:22 GMT GET /users/login 200 HTTP/1.1 2588 - 1.948ms ms ::1  Mozilla/5.0 (Macintosh; Intel Mac OS X 11_0_0) AppleWebKit/537.36 (KHTML, like Gecko) Chrome/86.0.4240.198 Safari/537.36
::1 Sat, 05 Dec 2020 05:33:27 GMT POST /users/login 302 HTTP/1.1 68 - 211.604ms ms ::1  Mozilla/5.0 (Macintosh; Intel Mac OS X 11_0_0) AppleWebKit/537.36 (KHTML, like Gecko) Chrome/86.0.4240.198 Safari/537.36
::1 Sat, 05 Dec 2020 05:33:27 GMT GET /users/login 200 HTTP/1.1 2588 - 3.158ms ms ::1  Mozilla/5.0 (Macintosh; Intel Mac OS X 11_0_0) AppleWebKit/537.36 (KHTML, like Gecko) Chrome/86.0.4240.198 Safari/537.36
::1 Sat, 05 Dec 2020 05:33:35 GMT POST /users/login 302 HTTP/1.1 64 - 155.293ms ms ::1  Mozilla/5.0 (Macintosh; Intel Mac OS X 11_0_0) AppleWebKit/537.36 (KHTML, like Gecko) Chrome/86.0.4240.198 Safari/537.36
::1 Sat, 05 Dec 2020 05:33:35 GMT GET /dashboard  HTTP/1.1  - undefinedms ms ::1  Mozilla/5.0 (Macintosh; Intel Mac OS X 11_0_0) AppleWebKit/537.36 (KHTML, like Gecko) Chrome/86.0.4240.198 Safari/537.36
::1 Sat, 05 Dec 2020 05:33:36 GMT GET /dashboard 200 HTTP/1.1 21676 - 370.719ms ms ::1  Mozilla/5.0 (Macintosh; Intel Mac OS X 11_0_0) AppleWebKit/537.36 (KHTML, like Gecko) Chrome/86.0.4240.198 Safari/537.36
::1 Sat, 05 Dec 2020 05:33:54 GMT GET /dashboard 200 HTTP/1.1 22841 - 416.038ms ms ::1  Mozilla/5.0 (Macintosh; Intel Mac OS X 11_0_0) AppleWebKit/537.36 (KHTML, like Gecko) Chrome/86.0.4240.198 Safari/537.36
::1 Sat, 05 Dec 2020 05:34:15 GMT GET /dashboard 200 HTTP/1.1 24006 - 448.749ms ms ::1  Mozilla/5.0 (Macintosh; Intel Mac OS X 11_0_0) AppleWebKit/537.36 (KHTML, like Gecko) Chrome/86.0.4240.198 Safari/537.36
::1 Sat, 05 Dec 2020 10:52:43 GMT GET /log-all 302 HTTP/1.1 68 - 6.481ms ms ::1  Mozilla/5.0 (Macintosh; Intel Mac OS X 11_0_0) AppleWebKit/537.36 (KHTML, like Gecko) Chrome/86.0.4240.198 Safari/537.36
::1 Sat, 05 Dec 2020 10:52:43 GMT GET /users/login 200 HTTP/1.1 2946 - 10.843ms ms ::1  Mozilla/5.0 (Macintosh; Intel Mac OS X 11_0_0) AppleWebKit/537.36 (KHTML, like Gecko) Chrome/86.0.4240.198 Safari/537.36
::1 Sat, 05 Dec 2020 10:52:47 GMT POST /users/login 302 HTTP/1.1 64 - 384.139ms ms ::1  Mozilla/5.0 (Macintosh; Intel Mac OS X 11_0_0) AppleWebKit/537.36 (KHTML, like Gecko) Chrome/86.0.4240.198 Safari/537.36
::1 Sat, 05 Dec 2020 10:52:47 GMT GET /dashboard  HTTP/1.1  - undefinedms ms ::1  Mozilla/5.0 (Macintosh; Intel Mac OS X 11_0_0) AppleWebKit/537.36 (KHTML, like Gecko) Chrome/86.0.4240.198 Safari/537.36
::1 Sat, 05 Dec 2020 10:52:48 GMT GET /dashboard 200 HTTP/1.1 3094 - 424.386ms ms ::1  Mozilla/5.0 (Macintosh; Intel Mac OS X 11_0_0) AppleWebKit/537.36 (KHTML, like Gecko) Chrome/86.0.4240.198 Safari/537.36
::1 Sat, 05 Dec 2020 10:52:49 GMT GET /current-log 200 HTTP/1.1 3933 - 405.163ms ms ::1  Mozilla/5.0 (Macintosh; Intel Mac OS X 11_0_0) AppleWebKit/537.36 (KHTML, like Gecko) Chrome/86.0.4240.198 Safari/537.36
::1 Sat, 05 Dec 2020 10:52:55 GMT GET /current-log 302 HTTP/1.1 68 - 6.587ms ms ::1  Mozilla/5.0 (Macintosh; Intel Mac OS X 11_0_0) AppleWebKit/537.36 (KHTML, like Gecko) Chrome/86.0.4240.198 Safari/537.36
::1 Sat, 05 Dec 2020 10:52:55 GMT GET /users/login 200 HTTP/1.1 2946 - 16.562ms ms ::1  Mozilla/5.0 (Macintosh; Intel Mac OS X 11_0_0) AppleWebKit/537.36 (KHTML, like Gecko) Chrome/86.0.4240.198 Safari/537.36
::1 Sat, 05 Dec 2020 10:52:58 GMT POST /users/login 302 HTTP/1.1 64 - 215.562ms ms ::1  Mozilla/5.0 (Macintosh; Intel Mac OS X 11_0_0) AppleWebKit/537.36 (KHTML, like Gecko) Chrome/86.0.4240.198 Safari/537.36
::1 Sat, 05 Dec 2020 10:52:59 GMT GET /dashboard  HTTP/1.1  - undefinedms ms ::1  Mozilla/5.0 (Macintosh; Intel Mac OS X 11_0_0) AppleWebKit/537.36 (KHTML, like Gecko) Chrome/86.0.4240.198 Safari/537.36
::1 Sat, 05 Dec 2020 10:52:59 GMT GET /dashboard 200 HTTP/1.1 3094 - 383.794ms ms ::1  Mozilla/5.0 (Macintosh; Intel Mac OS X 11_0_0) AppleWebKit/537.36 (KHTML, like Gecko) Chrome/86.0.4240.198 Safari/537.36
::1 Sat, 05 Dec 2020 11:01:19 GMT GET /dashboard 302 HTTP/1.1 68 - 5.482ms ms ::1  Mozilla/5.0 (Macintosh; Intel Mac OS X 11_0_0) AppleWebKit/537.36 (KHTML, like Gecko) Chrome/86.0.4240.198 Safari/537.36
::1 Sat, 05 Dec 2020 11:01:19 GMT GET /users/login 200 HTTP/1.1 2946 - 11.056ms ms ::1  Mozilla/5.0 (Macintosh; Intel Mac OS X 11_0_0) AppleWebKit/537.36 (KHTML, like Gecko) Chrome/86.0.4240.198 Safari/537.36
::1 Sat, 05 Dec 2020 11:01:23 GMT POST /users/login 302 HTTP/1.1 64 - 224.529ms ms ::1  Mozilla/5.0 (Macintosh; Intel Mac OS X 11_0_0) AppleWebKit/537.36 (KHTML, like Gecko) Chrome/86.0.4240.198 Safari/537.36
::1 Sat, 05 Dec 2020 11:01:23 GMT GET /dashboard  HTTP/1.1  - undefinedms ms ::1  Mozilla/5.0 (Macintosh; Intel Mac OS X 11_0_0) AppleWebKit/537.36 (KHTML, like Gecko) Chrome/86.0.4240.198 Safari/537.36
::1 Sat, 05 Dec 2020 11:01:23 GMT GET /dashboard 200 HTTP/1.1 3094 - 431.590ms ms ::1  Mozilla/5.0 (Macintosh; Intel Mac OS X 11_0_0) AppleWebKit/537.36 (KHTML, like Gecko) Chrome/86.0.4240.198 Safari/537.36
